<?xml version="1.0" encoding="UTF-8"?>
<testsuite xmlns:xsi="http://www.w3.org/2001/XMLSchema-instance" xsi:noNamespaceSchemaLocation="https://maven.apache.org/surefire/maven-surefire-plugin/xsd/surefire-test-report-3.0.xsd" version="3.0" name="MyTest" time="0.031" tests="1" errors="0" skipped="0" failures="0">
  <properties>
    <property name="sun.desktop" value="windows"/>
    <property name="awt.toolkit" value="sun.awt.windows.WToolkit"/>
    <property name="file.encoding.pkg" value="sun.io"/>
    <property name="java.specification.version" value="1.8"/>
    <property name="sun.cpu.isalist" value="amd64"/>
    <property name="sun.jnu.encoding" value="GBK"/>
    <property name="java.class.path" value="D:\Java Deploy\SSM\ssmbuild\target\test-classes;D:\Java Deploy\SSM\ssmbuild\target\classes;D:\Java Deploy\Maven\apache-maven-3.9.0\repository\junit\junit\4.12\junit-4.12.jar;D:\Java Deploy\Maven\apache-maven-3.9.0\repository\org\hamcrest\hamcrest-core\1.3\hamcrest-core-1.3.jar;D:\Java Deploy\Maven\apache-maven-3.9.0\repository\com\mysql\mysql-connector-j\8.0.32\mysql-connector-j-8.0.32.jar;D:\Java Deploy\Maven\apache-maven-3.9.0\repository\com\google\protobuf\protobuf-java\3.21.9\protobuf-java-3.21.9.jar;D:\Java Deploy\Maven\apache-maven-3.9.0\repository\com\mchange\c3p0\0.9.5.2\c3p0-0.9.5.2.jar;D:\Java Deploy\Maven\apache-maven-3.9.0\repository\com\mchange\mchange-commons-java\0.2.11\mchange-commons-java-0.2.11.jar;D:\Java Deploy\Maven\apache-maven-3.9.0\repository\org\projectlombok\lombok\1.18.28\lombok-1.18.28.jar;D:\Java Deploy\Maven\apache-maven-3.9.0\repository\javax\servlet\servlet-api\2.5\servlet-api-2.5.jar;D:\Java Deploy\Maven\apache-maven-3.9.0\repository\javax\servlet\jsp\jsp-api\2.2\jsp-api-2.2.jar;D:\Java Deploy\Maven\apache-maven-3.9.0\repository\javax\servlet\jstl\1.2\jstl-1.2.jar;D:\Java Deploy\Maven\apache-maven-3.9.0\repository\org\mybatis\mybatis\3.5.2\mybatis-3.5.2.jar;D:\Java Deploy\Maven\apache-maven-3.9.0\repository\org\mybatis\mybatis-spring\2.0.2\mybatis-spring-2.0.2.jar;D:\Java Deploy\Maven\apache-maven-3.9.0\repository\org\springframework\spring-webmvc\5.1.9.RELEASE\spring-webmvc-5.1.9.RELEASE.jar;D:\Java Deploy\Maven\apache-maven-3.9.0\repository\org\springframework\spring-aop\5.1.9.RELEASE\spring-aop-5.1.9.RELEASE.jar;D:\Java Deploy\Maven\apache-maven-3.9.0\repository\org\springframework\spring-beans\5.1.9.RELEASE\spring-beans-5.1.9.RELEASE.jar;D:\Java Deploy\Maven\apache-maven-3.9.0\repository\org\springframework\spring-context\5.1.9.RELEASE\spring-context-5.1.9.RELEASE.jar;D:\Java Deploy\Maven\apache-maven-3.9.0\repository\org\springframework\spring-core\5.1.9.RELEASE\spring-core-5.1.9.RELEASE.jar;D:\Java Deploy\Maven\apache-maven-3.9.0\repository\org\springframework\spring-jcl\5.1.9.RELEASE\spring-jcl-5.1.9.RELEASE.jar;D:\Java Deploy\Maven\apache-maven-3.9.0\repository\org\springframework\spring-expression\5.1.9.RELEASE\spring-expression-5.1.9.RELEASE.jar;D:\Java Deploy\Maven\apache-maven-3.9.0\repository\org\springframework\spring-web\5.1.9.RELEASE\spring-web-5.1.9.RELEASE.jar;D:\Java Deploy\Maven\apache-maven-3.9.0\repository\org\springframework\spring-jdbc\5.1.9.RELEASE\spring-jdbc-5.1.9.RELEASE.jar;D:\Java Deploy\Maven\apache-maven-3.9.0\repository\org\springframework\spring-tx\5.1.9.RELEASE\spring-tx-5.1.9.RELEASE.jar;"/>
    <property name="java.vm.vendor" value="Oracle Corporation"/>
    <property name="sun.arch.data.model" value="64"/>
    <property name="user.variant" value=""/>
    <property name="java.vendor.url" value="http://java.oracle.com/"/>
    <property name="user.timezone" value="Asia/Shanghai"/>
    <property name="java.vm.specification.version" value="1.8"/>
    <property name="os.name" value="Windows 10"/>
    <property name="user.country" value="CN"/>
    <property name="sun.java.launcher" value="SUN_STANDARD"/>
    <property name="sun.boot.library.path" value="D:\Java Deploy\Java\jdk1.8\jre\bin"/>
    <property name="sun.java.command" value="C:\Users\Admin\AppData\Local\Temp\surefire3992602782111835344\surefirebooter-20231126173629212_3.jar C:\Users\Admin\AppData\Local\Temp\surefire3992602782111835344 2023-11-26T17-36-28_836-jvmRun1 surefire-20231126173629212_1tmp surefire_0-20231126173629212_2tmp"/>
    <property name="surefire.test.class.path" value="D:\Java Deploy\SSM\ssmbuild\target\test-classes;D:\Java Deploy\SSM\ssmbuild\target\classes;D:\Java Deploy\Maven\apache-maven-3.9.0\repository\junit\junit\4.12\junit-4.12.jar;D:\Java Deploy\Maven\apache-maven-3.9.0\repository\org\hamcrest\hamcrest-core\1.3\hamcrest-core-1.3.jar;D:\Java Deploy\Maven\apache-maven-3.9.0\repository\com\mysql\mysql-connector-j\8.0.32\mysql-connector-j-8.0.32.jar;D:\Java Deploy\Maven\apache-maven-3.9.0\repository\com\google\protobuf\protobuf-java\3.21.9\protobuf-java-3.21.9.jar;D:\Java Deploy\Maven\apache-maven-3.9.0\repository\com\mchange\c3p0\0.9.5.2\c3p0-0.9.5.2.jar;D:\Java Deploy\Maven\apache-maven-3.9.0\repository\com\mchange\mchange-commons-java\0.2.11\mchange-commons-java-0.2.11.jar;D:\Java Deploy\Maven\apache-maven-3.9.0\repository\org\projectlombok\lombok\1.18.28\lombok-1.18.28.jar;D:\Java Deploy\Maven\apache-maven-3.9.0\repository\javax\servlet\servlet-api\2.5\servlet-api-2.5.jar;D:\Java Deploy\Maven\apache-maven-3.9.0\repository\javax\servlet\jsp\jsp-api\2.2\jsp-api-2.2.jar;D:\Java Deploy\Maven\apache-maven-3.9.0\repository\javax\servlet\jstl\1.2\jstl-1.2.jar;D:\Java Deploy\Maven\apache-maven-3.9.0\repository\org\mybatis\mybatis\3.5.2\mybatis-3.5.2.jar;D:\Java Deploy\Maven\apache-maven-3.9.0\repository\org\mybatis\mybatis-spring\2.0.2\mybatis-spring-2.0.2.jar;D:\Java Deploy\Maven\apache-maven-3.9.0\repository\org\springframework\spring-webmvc\5.1.9.RELEASE\spring-webmvc-5.1.9.RELEASE.jar;D:\Java Deploy\Maven\apache-maven-3.9.0\repository\org\springframework\spring-aop\5.1.9.RELEASE\spring-aop-5.1.9.RELEASE.jar;D:\Java Deploy\Maven\apache-maven-3.9.0\repository\org\springframework\spring-beans\5.1.9.RELEASE\spring-beans-5.1.9.RELEASE.jar;D:\Java Deploy\Maven\apache-maven-3.9.0\repository\org\springframework\spring-context\5.1.9.RELEASE\spring-context-5.1.9.RELEASE.jar;D:\Java Deploy\Maven\apache-maven-3.9.0\repository\org\springframework\spring-core\5.1.9.RELEASE\spring-core-5.1.9.RELEASE.jar;D:\Java Deploy\Maven\apache-maven-3.9.0\repository\org\springframework\spring-jcl\5.1.9.RELEASE\spring-jcl-5.1.9.RELEASE.jar;D:\Java Deploy\Maven\apache-maven-3.9.0\repository\org\springframework\spring-expression\5.1.9.RELEASE\spring-expression-5.1.9.RELEASE.jar;D:\Java Deploy\Maven\apache-maven-3.9.0\repository\org\springframework\spring-web\5.1.9.RELEASE\spring-web-5.1.9.RELEASE.jar;D:\Java Deploy\Maven\apache-maven-3.9.0\repository\org\springframework\spring-jdbc\5.1.9.RELEASE\spring-jdbc-5.1.9.RELEASE.jar;D:\Java Deploy\Maven\apache-maven-3.9.0\repository\org\springframework\spring-tx\5.1.9.RELEASE\spring-tx-5.1.9.RELEASE.jar;"/>
    <property name="sun.cpu.endian" value="little"/>
    <property name="user.home" value="C:\Users\Admin"/>
    <property name="user.language" value="zh"/>
    <property name="java.specification.vendor" value="Oracle Corporation"/>
    <property name="java.home" value="D:\Java Deploy\Java\jdk1.8\jre"/>
    <property name="basedir" value="D:\Java Deploy\SSM\ssmbuild"/>
    <property name="file.separator" value="\"/>
    <property name="line.separator" value="&#10;"/>
    <property name="java.vm.specification.vendor" value="Oracle Corporation"/>
    <property name="java.specification.name" value="Java Platform API Specification"/>
    <property name="java.awt.graphicsenv" value="sun.awt.Win32GraphicsEnvironment"/>
    <property name="surefire.real.class.path" value="C:\Users\Admin\AppData\Local\Temp\surefire3992602782111835344\surefirebooter-20231126173629212_3.jar"/>
    <property name="sun.boot.class.path" value="D:\Java Deploy\Java\jdk1.8\jre\lib\resources.jar;D:\Java Deploy\Java\jdk1.8\jre\lib\rt.jar;D:\Java Deploy\Java\jdk1.8\jre\lib\jsse.jar;D:\Java Deploy\Java\jdk1.8\jre\lib\jce.jar;D:\Java Deploy\Java\jdk1.8\jre\lib\charsets.jar;D:\Java Deploy\Java\jdk1.8\jre\lib\jfr.jar;D:\Java Deploy\Java\jdk1.8\jre\classes"/>
    <property name="user.script" value=""/>
    <property name="sun.management.compiler" value="HotSpot 64-Bit Tiered Compilers"/>
    <property name="java.runtime.version" value="1.8.0_351-b10"/>
    <property name="user.name" value="Admin"/>
    <property name="path.separator" value=";"/>
    <property name="os.version" value="10.0"/>
    <property name="java.endorsed.dirs" value="D:\Java Deploy\Java\jdk1.8\jre\lib\endorsed"/>
    <property name="java.runtime.name" value="Java(TM) SE Runtime Environment"/>
    <property name="file.encoding" value="GBK"/>
    <property name="java.vm.name" value="Java HotSpot(TM) 64-Bit Server VM"/>
    <property name="localRepository" value="D:\Java Deploy\Maven\apache-maven-3.9.0\repository"/>
    <property name="java.vendor.url.bug" value="http://bugreport.sun.com/bugreport/"/>
    <property name="java.io.tmpdir" value="C:\Users\Admin\AppData\Local\Temp\"/>
    <property name="idea.version" value="2022.3.3"/>
    <property name="java.version" value="1.8.0_351"/>
    <property name="user.dir" value="D:\Java Deploy\SSM\ssmbuild"/>
    <property name="os.arch" value="amd64"/>
    <property name="java.vm.specification.name" value="Java Virtual Machine Specification"/>
    <property name="java.awt.printerjob" value="sun.awt.windows.WPrinterJob"/>
    <property name="sun.os.patch.level" value=""/>
    <property name="java.library.path" value="D:\Java Deploy\Java\jdk1.8\jre\bin;C:\Windows\Sun\Java\bin;C:\Windows\system32;C:\Windows;C:\Program Files (x86)\Razer Chroma SDK\bin;C:\Program Files\Razer Chroma SDK\bin;C:\Program Files (x86)\Razer\ChromaBroadcast\bin;C:\Program Files\Razer\ChromaBroadcast\bin;C:\Program Files (x86)\Common Files\Oracle\Java\javapath;C:\Windows\system32;C:\Windows;C:\Windows\System32\Wbem;C:\Windows\System32\WindowsPowerShell\v1.0\;C:\Windows\System32\OpenSSH\;D:\Java Deploy\Maven\apache-maven-3.9.0\bin;D:\Java Deploy\MySQL\mysql-8.0.32-winx64\bin;C:\Program Files (x86)\NVIDIA Corporation\PhysX\Common;C:\Program Files\NVIDIA Corporation\NVIDIA NvDLISR;C:\Program Files\dotnet\;D:\Java Deploy\Java\jdk1.8\bin;D:\Java Deploy\Java\jdk1.8\jre\bin;D:\Java Deploy\Redis-x64-5.0.14.1;C:\Windows\system32\config\systemprofile\AppData\Local\Microsoft\WindowsApps;D:\Java Deploy\Erlang OTP\bin;D:\Java Deploy\RabbitMQ\rabbitmq_server-3.12.4\sbin;D:\Application\Node\;D:\Application\Git\cmd;C:\Users\Admin\AppData\Local\Programs\Python\Python310\Scripts\;C:\Users\Admin\AppData\Local\Programs\Python\Python310\;C:\Users\Admin\AppData\Local\Programs\Python\Python311\Scripts\;C:\Users\Admin\AppData\Local\Programs\Python\Python311\;C:\Users\Admin\AppData\Local\Microsoft\WindowsApps;D:\Application\Fiddler;D:\Application\mitmproxy\bin;C:\Users\Admin\.dotnet\tools;E:\GLM\temp\AI\models\huggingface\cache;C:\Users\Admin\AppData\Roaming\npm;."/>
    <property name="java.vm.info" value="mixed mode"/>
    <property name="java.vendor" value="Oracle Corporation"/>
    <property name="java.vm.version" value="25.351-b10"/>
    <property name="java.specification.maintenance.version" value="4"/>
    <property name="java.ext.dirs" value="D:\Java Deploy\Java\jdk1.8\jre\lib\ext;C:\Windows\Sun\Java\lib\ext"/>
    <property name="sun.io.unicode.encoding" value="UnicodeLittle"/>
    <property name="java.class.version" value="52.0"/>
  </properties>
  <testcase name="test" classname="MyTest" time="0.001"/>
</testsuite>